<?xml version="1.0" encoding="UTF-8"?>
<testng-results ignored="0" total="3" passed="3" failed="0" skipped="0">
  <reporter-output>
  </reporter-output>
  <suite started-at="2022-02-22T01:21:16 SGT" name="CBT_Suite" finished-at="2022-02-22T01:21:45 SGT" duration-ms="28668">
    <groups>
    </groups>
    <test started-at="2022-02-22T01:21:16 SGT" name="ChromeTest" finished-at="2022-02-22T01:21:25 SGT" duration-ms="8800">
      <class name="testng.Cross_Browser_Testing">
        <test-method is-config="true" signature="beforeClass(java.lang.String)[pri:0, instance:testng.Cross_Browser_Testing@62150f9e]" started-at="2022-02-22T01:21:16 SGT" name="beforeClass" finished-at="2022-02-22T01:21:17 SGT" duration-ms="1549" status="PASS">
          <params>
            <param index="0">
              <value>
                <![CDATA[Chrome]]>
              </value>
            </param>
          </params>
          <reporter-output>
          </reporter-output>
        </test-method> <!-- beforeClass -->
        <test-method signature="f()[pri:0, instance:testng.Cross_Browser_Testing@62150f9e]" started-at="2022-02-22T01:21:17 SGT" name="f" finished-at="2022-02-22T01:21:25 SGT" duration-ms="7222" status="PASS">
          <reporter-output>
          </reporter-output>
        </test-method> <!-- f -->
      </class> <!-- testng.Cross_Browser_Testing -->
    </test> <!-- ChromeTest -->
    <test started-at="2022-02-22T01:21:25 SGT" name="edgeTest" finished-at="2022-02-22T01:21:34 SGT" duration-ms="8891">
      <class name="testng.Cross_Browser_Testing">
        <test-method is-config="true" signature="beforeClass(java.lang.String)[pri:0, instance:testng.Cross_Browser_Testing@399f45b1]" started-at="2022-02-22T01:21:25 SGT" name="beforeClass" finished-at="2022-02-22T01:21:26 SGT" duration-ms="1639" status="PASS">
          <params>
            <param index="0">
              <value>
                <![CDATA[edge]]>
              </value>
            </param>
          </params>
          <reporter-output>
          </reporter-output>
        </test-method> <!-- beforeClass -->
        <test-method signature="f()[pri:0, instance:testng.Cross_Browser_Testing@399f45b1]" started-at="2022-02-22T01:21:26 SGT" name="f" finished-at="2022-02-22T01:21:34 SGT" duration-ms="7249" status="PASS">
          <reporter-output>
          </reporter-output>
        </test-method> <!-- f -->
      </class> <!-- testng.Cross_Browser_Testing -->
    </test> <!-- edgeTest -->
    <test started-at="2022-02-22T01:21:34 SGT" name="firefoxTest" finished-at="2022-02-22T01:21:45 SGT" duration-ms="10947">
      <class name="testng.Cross_Browser_Testing">
        <test-method is-config="true" signature="beforeClass(java.lang.String)[pri:0, instance:testng.Cross_Browser_Testing@35cabb2a]" started-at="2022-02-22T01:21:34 SGT" name="beforeClass" finished-at="2022-02-22T01:21:36 SGT" duration-ms="2874" status="PASS">
          <params>
            <param index="0">
              <value>
                <![CDATA[firefox]]>
              </value>
            </param>
          </params>
          <reporter-output>
          </reporter-output>
        </test-method> <!-- beforeClass -->
        <test-method signature="f()[pri:0, instance:testng.Cross_Browser_Testing@35cabb2a]" started-at="2022-02-22T01:21:36 SGT" name="f" finished-at="2022-02-22T01:21:45 SGT" duration-ms="8070" status="PASS">
          <reporter-output>
          </reporter-output>
        </test-method> <!-- f -->
      </class> <!-- testng.Cross_Browser_Testing -->
    </test> <!-- firefoxTest -->
  </suite> <!-- CBT_Suite -->
</testng-results>
