<?xml version="1.0" encoding="UTF-8"?>
<!-- Generated by org.testng.reporters.JUnitXMLReporter -->
<testsuite ignored="2" hostname="sathish" failures="0" tests="4" name="Test" time="0.054" errors="0" timestamp="2022-02-22T00:38:35 SGT">
  <testcase classname="testng.Groupsample" name="a" time="0.013"/>
  <testcase classname="testng.Groupsample" name="b" time="0.001"/>
  <testcase classname="testng.Groupsample" name="f" time="0.001"/>
  <testcase classname="testng.Groupsample" name="g" time="0.001"/>
  <testcase classname="testng.Groupsample" name="h" time="0.0">
    <ignored/>
  </testcase> <!-- h -->
  <testcase classname="testng.Groupsample" name="c" time="0.0">
    <ignored/>
  </testcase> <!-- c -->
</testsuite> <!-- Test -->
